<?xml version="1.0" encoding="UTF-8"?>
<!-- Generated by org.testng.reporters.JUnitXMLReporter -->
<testsuite ignored="0" hostname="Tresa" failures="11" tests="46" name="Test" time="579.72" errors="0" timestamp="2024-03-18T21:58:13 EDT">
  <testcase classname="com.naveenautomation.tests.ProductCategoryPageTest" name="@AfterMethod closeBrowser" time="0.09">
    <failure type="org.openqa.selenium.WebDriverException" message="disconnected: Unable to receive message from renderer
  (failed to check if window was closed: disconnected: not connected to DevTools)
  (Session info: MicrosoftEdge=122.0.2365.92)
Build info: version: &amp;apos;3.141.59&amp;apos;, revision: &amp;apos;e82be7d358&amp;apos;, time: &amp;apos;2018-11-14T08:17:03&amp;apos;
System info: host: &amp;apos;TRESA&amp;apos;, ip: &amp;apos;192.168.2.13&amp;apos;, os.name: &amp;apos;Windows 11&amp;apos;, os.arch: &amp;apos;amd64&amp;apos;, os.version: &amp;apos;10.0&amp;apos;, java.version: &amp;apos;17.0.9&amp;apos;
Driver info: org.openqa.selenium.edge.EdgeDriver
Capabilities {acceptInsecureCerts: false, browserName: MicrosoftEdge, browserVersion: 122.0.2365.92, fedcm:accounts: true, javascriptEnabled: true, ms:edgeOptions: {debuggerAddress: localhost:56414}, msedge: {msedgedriverVersion: 122.0.2365.92 (908657ec17be..., userDataDir: C:\Users\tresa\AppData\Loca...}, networkConnectionEnabled: false, pageLoadStrategy: normal, platform: WINDOWS, platformName: WINDOWS, proxy: Proxy(), setWindowRect: true, strictFileInteractability: false, timeouts: {implicit: 0, pageLoad: 300000, script: 30000}, unhandledPromptBehavior: dismiss and notify, webauthn:extension:credBlob: true, webauthn:extension:largeBlob: true, webauthn:extension:minPinLength: true, webauthn:extension:prf: true, webauthn:virtualAuthenticators: true}
Session ID: 5168d63f91c7fe64904fc965c55ca133">
      <![CDATA[org.openqa.selenium.WebDriverException: disconnected: Unable to receive message from renderer
  (failed to check if window was closed: disconnected: not connected to DevTools)
  (Session info: MicrosoftEdge=122.0.2365.92)
Build info: version: '3.141.59', revision: 'e82be7d358', time: '2018-11-14T08:17:03'
System info: host: 'TRESA', ip: '192.168.2.13', os.name: 'Windows 11', os.arch: 'amd64', os.version: '10.0', java.version: '17.0.9'
Driver info: org.openqa.selenium.edge.EdgeDriver
Capabilities {acceptInsecureCerts: false, browserName: MicrosoftEdge, browserVersion: 122.0.2365.92, fedcm:accounts: true, javascriptEnabled: true, ms:edgeOptions: {debuggerAddress: localhost:56414}, msedge: {msedgedriverVersion: 122.0.2365.92 (908657ec17be..., userDataDir: C:\Users\tresa\AppData\Loca...}, networkConnectionEnabled: false, pageLoadStrategy: normal, platform: WINDOWS, platformName: WINDOWS, proxy: Proxy(), setWindowRect: true, strictFileInteractability: false, timeouts: {implicit: 0, pageLoad: 300000, script: 30000}, unhandledPromptBehavior: dismiss and notify, webauthn:extension:credBlob: true, webauthn:extension:largeBlob: true, webauthn:extension:minPinLength: true, webauthn:extension:prf: true, webauthn:virtualAuthenticators: true}
Session ID: 5168d63f91c7fe64904fc965c55ca133
at org.openqa.selenium.remote.http.W3CHttpResponseCodec.createException(W3CHttpResponseCodec.java:187)
at org.openqa.selenium.remote.http.W3CHttpResponseCodec.decode(W3CHttpResponseCodec.java:122)
at org.openqa.selenium.remote.http.W3CHttpResponseCodec.decode(W3CHttpResponseCodec.java:49)
at org.openqa.selenium.remote.HttpCommandExecutor.execute(HttpCommandExecutor.java:158)
at org.openqa.selenium.remote.service.DriverCommandExecutor.execute(DriverCommandExecutor.java:83)
at org.openqa.selenium.remote.RemoteWebDriver.execute(RemoteWebDriver.java:552)
at org.openqa.selenium.remote.RemoteWebDriver.execute(RemoteWebDriver.java:609)
at org.openqa.selenium.remote.RemoteWebDriver.close(RemoteWebDriver.java:442)
at org.openqa.selenium.support.events.EventFiringWebDriver.lambda$new$1(EventFiringWebDriver.java:105)
at jdk.proxy2/jdk.proxy2.$Proxy12.close(Unknown Source)
at org.openqa.selenium.support.events.EventFiringWebDriver.close(EventFiringWebDriver.java:206)
at com.naveenautomation.TestBase.TestBase.tearDown(TestBase.java:83)
at com.naveenautomation.tests.ProductCategoryPageTest.closeBrowser(ProductCategoryPageTest.java:48)
at java.base/java.util.ArrayList.forEach(ArrayList.java:1511)
... Removed 40 stack frames]]>
    </failure>
  </testcase> <!-- @AfterMethod closeBrowser -->
  <testcase classname="com.naveenautomation.tests.ProductCategoryPageTest" name="@BeforeMethod launchBrowser" time="-1.710813492803E9">
    <skipped/>
  </testcase> <!-- @BeforeMethod launchBrowser -->
  <testcase classname="com.naveenautomation.tests.WishListPageTest" name="validateWishListPage" time="19.131">
    <skipped/>
  </testcase> <!-- validateWishListPage -->
  <testcase classname="com.naveenautomation.tests.WishListPageTest" name="validateWishListPage" time="18.633">
    <skipped/>
  </testcase> <!-- validateWishListPage -->
  <testcase classname="com.naveenautomation.tests.WishListPageTest" name="validateWishListPage" time="18.542">
    <skipped/>
  </testcase> <!-- validateWishListPage -->
  <testcase classname="com.naveenautomation.tests.WishListPageTest" name="validateWishListPage" time="19.265">
    <failure type="org.openqa.selenium.NoSuchElementException" message="no such element: Unable to locate element: {&amp;quot;method&amp;quot;:&amp;quot;css selector&amp;quot;,&amp;quot;selector&amp;quot;:&amp;quot;button[onclick=&amp;quot;cart.add(&amp;apos;29&amp;apos;);&amp;quot;]&amp;quot;}
  (Session info: MicrosoftEdge=122.0.2365.92)
For documentation on this error, please visit: https://www.seleniumhq.org/exceptions/no_such_element.html
Build info: version: &amp;apos;3.141.59&amp;apos;, revision: &amp;apos;e82be7d358&amp;apos;, time: &amp;apos;2018-11-14T08:17:03&amp;apos;
System info: host: &amp;apos;TRESA&amp;apos;, ip: &amp;apos;192.168.2.13&amp;apos;, os.name: &amp;apos;Windows 11&amp;apos;, os.arch: &amp;apos;amd64&amp;apos;, os.version: &amp;apos;10.0&amp;apos;, java.version: &amp;apos;17.0.9&amp;apos;
Driver info: org.openqa.selenium.edge.EdgeDriver
Capabilities {acceptInsecureCerts: false, browserName: MicrosoftEdge, browserVersion: 122.0.2365.92, fedcm:accounts: true, javascriptEnabled: true, ms:edgeOptions: {debuggerAddress: localhost:54679}, msedge: {msedgedriverVersion: 122.0.2365.92 (908657ec17be..., userDataDir: C:\Users\tresa\AppData\Loca...}, networkConnectionEnabled: false, pageLoadStrategy: normal, platform: WINDOWS, platformName: WINDOWS, proxy: Proxy(), setWindowRect: true, strictFileInteractability: false, timeouts: {implicit: 0, pageLoad: 300000, script: 30000}, unhandledPromptBehavior: dismiss and notify, webauthn:extension:credBlob: true, webauthn:extension:largeBlob: true, webauthn:extension:minPinLength: true, webauthn:extension:prf: true, webauthn:virtualAuthenticators: true}
Session ID: c9f310982d54127f5b5fa41d0984c27c
*** Element info: {Using=css selector, value=button[onclick=&amp;quot;cart.add(&amp;apos;29&amp;apos;);&amp;quot;]}">
      <![CDATA[org.openqa.selenium.NoSuchElementException: no such element: Unable to locate element: {"method":"css selector","selector":"button[onclick="cart.add('29');"]"}
  (Session info: MicrosoftEdge=122.0.2365.92)
For documentation on this error, please visit: https://www.seleniumhq.org/exceptions/no_such_element.html
Build info: version: '3.141.59', revision: 'e82be7d358', time: '2018-11-14T08:17:03'
System info: host: 'TRESA', ip: '192.168.2.13', os.name: 'Windows 11', os.arch: 'amd64', os.version: '10.0', java.version: '17.0.9'
Driver info: org.openqa.selenium.edge.EdgeDriver
Capabilities {acceptInsecureCerts: false, browserName: MicrosoftEdge, browserVersion: 122.0.2365.92, fedcm:accounts: true, javascriptEnabled: true, ms:edgeOptions: {debuggerAddress: localhost:54679}, msedge: {msedgedriverVersion: 122.0.2365.92 (908657ec17be..., userDataDir: C:\Users\tresa\AppData\Loca...}, networkConnectionEnabled: false, pageLoadStrategy: normal, platform: WINDOWS, platformName: WINDOWS, proxy: Proxy(), setWindowRect: true, strictFileInteractability: false, timeouts: {implicit: 0, pageLoad: 300000, script: 30000}, unhandledPromptBehavior: dismiss and notify, webauthn:extension:credBlob: true, webauthn:extension:largeBlob: true, webauthn:extension:minPinLength: true, webauthn:extension:prf: true, webauthn:virtualAuthenticators: true}
Session ID: c9f310982d54127f5b5fa41d0984c27c
*** Element info: {Using=css selector, value=button[onclick="cart.add('29');"]}
at org.openqa.selenium.remote.http.W3CHttpResponseCodec.createException(W3CHttpResponseCodec.java:187)
at org.openqa.selenium.remote.http.W3CHttpResponseCodec.decode(W3CHttpResponseCodec.java:122)
at org.openqa.selenium.remote.http.W3CHttpResponseCodec.decode(W3CHttpResponseCodec.java:49)
at org.openqa.selenium.remote.HttpCommandExecutor.execute(HttpCommandExecutor.java:158)
at org.openqa.selenium.remote.service.DriverCommandExecutor.execute(DriverCommandExecutor.java:83)
at org.openqa.selenium.remote.RemoteWebDriver.execute(RemoteWebDriver.java:552)
at org.openqa.selenium.remote.RemoteWebDriver.findElement(RemoteWebDriver.java:323)
at org.openqa.selenium.remote.RemoteWebDriver.findElementByCssSelector(RemoteWebDriver.java:420)
at org.openqa.selenium.By$ByCssSelector.findElement(By.java:431)
at org.openqa.selenium.remote.RemoteWebDriver.findElement(RemoteWebDriver.java:315)
at org.openqa.selenium.support.events.EventFiringWebDriver.lambda$new$1(EventFiringWebDriver.java:105)
at jdk.proxy2/jdk.proxy2.$Proxy12.findElement(Unknown Source)
at org.openqa.selenium.support.events.EventFiringWebDriver.findElement(EventFiringWebDriver.java:194)
at org.openqa.selenium.support.pagefactory.DefaultElementLocator.findElement(DefaultElementLocator.java:69)
at org.openqa.selenium.support.pagefactory.internal.LocatingElementHandler.invoke(LocatingElementHandler.java:38)
at jdk.proxy2/jdk.proxy2.$Proxy16.click(Unknown Source)
at com.naveenautomation.pages.WishListPage.clickAddtoCart(WishListPage.java:22)
at com.naveenautomation.tests.WishListPageTest.validateWishListPage(WishListPageTest.java:30)
at java.base/java.util.ArrayList.forEach(ArrayList.java:1511)
... Removed 35 stack frames]]>
    </failure>
  </testcase> <!-- validateWishListPage -->
  <testcase classname="com.naveenautomation.tests.AccountLoginPageTest" name="validateLogin" time="2.294"/>
  <testcase classname="com.naveenautomation.tests.CheckoutPageTest" name="validatePurchaseOrderConfirm" time="0.002">
    <skipped/>
  </testcase> <!-- validatePurchaseOrderConfirm -->
  <testcase classname="com.naveenautomation.tests.CheckoutPageTest" name="validatePurchaseOrderConfirm" time="0.002">
    <skipped/>
  </testcase> <!-- validatePurchaseOrderConfirm -->
  <testcase classname="com.naveenautomation.tests.CheckoutPageTest" name="validatePurchaseOrderConfirm" time="0.003">
    <skipped/>
  </testcase> <!-- validatePurchaseOrderConfirm -->
  <testcase classname="com.naveenautomation.tests.CheckoutPageTest" name="validatePurchaseOrderConfirm" time="0.001">
    <failure type="java.lang.NullPointerException" message="Cannot invoke &amp;quot;com.naveenautomation.pages.AccountLoginPage.submitLogin(String, String)&amp;quot; because &amp;quot;this.page&amp;quot; is null">
      <![CDATA[java.lang.NullPointerException: Cannot invoke "com.naveenautomation.pages.AccountLoginPage.submitLogin(String, String)" because "this.page" is null
at com.naveenautomation.tests.CheckoutPageTest.validatePurchaseOrderConfirm(CheckoutPageTest.java:33)
at java.base/java.util.ArrayList.forEach(ArrayList.java:1511)
... Removed 27 stack frames]]>
    </failure>
  </testcase> <!-- validatePurchaseOrderConfirm -->
  <testcase classname="com.naveenautomation.tests.ReturnsPageTest" name="validateReturnsPage" time="4.257"/>
  <testcase classname="com.naveenautomation.tests.CartPageTest" name="validateEstimateShippingAndTaxesInfo" time="5.716">
    <skipped/>
  </testcase> <!-- validateEstimateShippingAndTaxesInfo -->
  <testcase classname="com.naveenautomation.tests.CartPageTest" name="validateEstimateShippingAndTaxesInfo" time="5.399">
    <skipped/>
  </testcase> <!-- validateEstimateShippingAndTaxesInfo -->
  <testcase classname="com.naveenautomation.tests.CartPageTest" name="validateEstimateShippingAndTaxesInfo" time="5.353">
    <skipped/>
  </testcase> <!-- validateEstimateShippingAndTaxesInfo -->
  <testcase classname="com.naveenautomation.tests.CartPageTest" name="validateEstimateShippingAndTaxesInfo" time="5.432">
    <failure type="java.lang.AssertionError" message="expected [Success: You have added iPod Classic to your shopping cart!
×] but found [Success: You have added iPod Classic to your shopping cart!
×]">
      <![CDATA[java.lang.AssertionError: expected [Success: You have added iPod Classic to your shopping cart!
×] but found [Success: You have added iPod Classic to your shopping cart!
×]
at com.naveenautomation.tests.CartPageTest.validateEstimateShippingAndTaxesInfo(CartPageTest.java:55)
at java.base/java.util.ArrayList.forEach(ArrayList.java:1511)
... Removed 33 stack frames]]>
    </failure>
  </testcase> <!-- validateEstimateShippingAndTaxesInfo -->
  <testcase classname="com.naveenautomation.tests.CartPageTest" name="validateHeaderCheckOutBtn" time="3.642">
    <skipped/>
  </testcase> <!-- validateHeaderCheckOutBtn -->
  <testcase classname="com.naveenautomation.tests.CartPageTest" name="validateHeaderCheckOutBtn" time="4.782">
    <skipped/>
  </testcase> <!-- validateHeaderCheckOutBtn -->
  <testcase classname="com.naveenautomation.tests.CartPageTest" name="validateHeaderCheckOutBtn" time="3.736">
    <skipped/>
  </testcase> <!-- validateHeaderCheckOutBtn -->
  <testcase classname="com.naveenautomation.tests.CartPageTest" name="validateHeaderCheckOutBtn" time="3.417">
    <failure type="java.lang.AssertionError" message="expected [Shopping Cart  (26.53kg)] but found [Shopping Cart  (10.53kg)]">
      <![CDATA[java.lang.AssertionError: expected [Shopping Cart  (26.53kg)] but found [Shopping Cart  (10.53kg)]
at com.naveenautomation.tests.CartPageTest.validateHeaderCheckOutBtn(CartPageTest.java:75)
at java.base/java.util.ArrayList.forEach(ArrayList.java:1511)
... Removed 33 stack frames]]>
    </failure>
  </testcase> <!-- validateHeaderCheckOutBtn -->
  <testcase classname="com.naveenautomation.tests.CartPageTest" name="validateInvalidCouponCode" time="6.153">
    <skipped/>
  </testcase> <!-- validateInvalidCouponCode -->
  <testcase classname="com.naveenautomation.tests.CartPageTest" name="validateInvalidCouponCode" time="6.102">
    <skipped/>
  </testcase> <!-- validateInvalidCouponCode -->
  <testcase classname="com.naveenautomation.tests.CartPageTest" name="validateInvalidCouponCode" time="5.625">
    <skipped/>
  </testcase> <!-- validateInvalidCouponCode -->
  <testcase classname="com.naveenautomation.tests.CartPageTest" name="validateInvalidCouponCode" time="5.465">
    <failure type="java.lang.AssertionError" message="expected [Success: You have added iPod Classic to your shopping cart!
×] but found [Success: You have added iPod Classic to your shopping cart!
×]">
      <![CDATA[java.lang.AssertionError: expected [Success: You have added iPod Classic to your shopping cart!
×] but found [Success: You have added iPod Classic to your shopping cart!
×]
at com.naveenautomation.tests.CartPageTest.validateInvalidCouponCode(CartPageTest.java:36)
at java.base/java.util.ArrayList.forEach(ArrayList.java:1511)
... Removed 33 stack frames]]>
    </failure>
  </testcase> <!-- validateInvalidCouponCode -->
  <testcase classname="com.naveenautomation.tests.MyAccountPageTest" name="validateEditAccountInfo" time="3.578">
    <skipped/>
  </testcase> <!-- validateEditAccountInfo -->
  <testcase classname="com.naveenautomation.tests.MyAccountPageTest" name="validateEditAccountInfo" time="3.7">
    <skipped/>
  </testcase> <!-- validateEditAccountInfo -->
  <testcase classname="com.naveenautomation.tests.MyAccountPageTest" name="validateEditAccountInfo" time="3.549">
    <skipped/>
  </testcase> <!-- validateEditAccountInfo -->
  <testcase classname="com.naveenautomation.tests.MyAccountPageTest" name="validateEditAccountInfo" time="3.896">
    <failure type="org.openqa.selenium.WebDriverException" message="unknown error: msedgedriver only supports characters in the BMP
  (Session info: MicrosoftEdge=122.0.2365.92)
Build info: version: &amp;apos;3.141.59&amp;apos;, revision: &amp;apos;e82be7d358&amp;apos;, time: &amp;apos;2018-11-14T08:17:03&amp;apos;
System info: host: &amp;apos;TRESA&amp;apos;, ip: &amp;apos;192.168.2.13&amp;apos;, os.name: &amp;apos;Windows 11&amp;apos;, os.arch: &amp;apos;amd64&amp;apos;, os.version: &amp;apos;10.0&amp;apos;, java.version: &amp;apos;17.0.9&amp;apos;
Driver info: org.openqa.selenium.edge.EdgeDriver
Capabilities {acceptInsecureCerts: false, browserName: MicrosoftEdge, browserVersion: 122.0.2365.92, fedcm:accounts: true, javascriptEnabled: true, ms:edgeOptions: {debuggerAddress: localhost:55602}, msedge: {msedgedriverVersion: 122.0.2365.92 (908657ec17be..., userDataDir: C:\Users\tresa\AppData\Loca...}, networkConnectionEnabled: false, pageLoadStrategy: normal, platform: WINDOWS, platformName: WINDOWS, proxy: Proxy(), setWindowRect: true, strictFileInteractability: false, timeouts: {implicit: 0, pageLoad: 300000, script: 30000}, unhandledPromptBehavior: dismiss and notify, webauthn:extension:credBlob: true, webauthn:extension:largeBlob: true, webauthn:extension:minPinLength: true, webauthn:extension:prf: true, webauthn:virtualAuthenticators: true}
Session ID: 3bceb76481e4df6d58ed30c320d38e33">
      <![CDATA[org.openqa.selenium.WebDriverException: unknown error: msedgedriver only supports characters in the BMP
  (Session info: MicrosoftEdge=122.0.2365.92)
Build info: version: '3.141.59', revision: 'e82be7d358', time: '2018-11-14T08:17:03'
System info: host: 'TRESA', ip: '192.168.2.13', os.name: 'Windows 11', os.arch: 'amd64', os.version: '10.0', java.version: '17.0.9'
Driver info: org.openqa.selenium.edge.EdgeDriver
Capabilities {acceptInsecureCerts: false, browserName: MicrosoftEdge, browserVersion: 122.0.2365.92, fedcm:accounts: true, javascriptEnabled: true, ms:edgeOptions: {debuggerAddress: localhost:55602}, msedge: {msedgedriverVersion: 122.0.2365.92 (908657ec17be..., userDataDir: C:\Users\tresa\AppData\Loca...}, networkConnectionEnabled: false, pageLoadStrategy: normal, platform: WINDOWS, platformName: WINDOWS, proxy: Proxy(), setWindowRect: true, strictFileInteractability: false, timeouts: {implicit: 0, pageLoad: 300000, script: 30000}, unhandledPromptBehavior: dismiss and notify, webauthn:extension:credBlob: true, webauthn:extension:largeBlob: true, webauthn:extension:minPinLength: true, webauthn:extension:prf: true, webauthn:virtualAuthenticators: true}
Session ID: 3bceb76481e4df6d58ed30c320d38e33
at org.openqa.selenium.remote.http.W3CHttpResponseCodec.createException(W3CHttpResponseCodec.java:187)
at org.openqa.selenium.remote.http.W3CHttpResponseCodec.decode(W3CHttpResponseCodec.java:122)
at org.openqa.selenium.remote.http.W3CHttpResponseCodec.decode(W3CHttpResponseCodec.java:49)
at org.openqa.selenium.remote.HttpCommandExecutor.execute(HttpCommandExecutor.java:158)
at org.openqa.selenium.remote.service.DriverCommandExecutor.execute(DriverCommandExecutor.java:83)
at org.openqa.selenium.remote.RemoteWebDriver.execute(RemoteWebDriver.java:552)
at org.openqa.selenium.remote.RemoteWebElement.execute(RemoteWebElement.java:285)
at org.openqa.selenium.remote.RemoteWebElement.sendKeys(RemoteWebElement.java:106)
at org.openqa.selenium.support.events.EventFiringWebDriver$EventFiringWebElement.lambda$new$0(EventFiringWebDriver.java:404)
at jdk.proxy2/jdk.proxy2.$Proxy17.sendKeys(Unknown Source)
at org.openqa.selenium.support.events.EventFiringWebDriver$EventFiringWebElement.sendKeys(EventFiringWebDriver.java:429)
at org.openqa.selenium.support.pagefactory.internal.LocatingElementHandler.invoke(LocatingElementHandler.java:51)
at jdk.proxy2/jdk.proxy2.$Proxy16.sendKeys(Unknown Source)
at com.naveenautomation.pages.EditYourAccountInfoPage.inputName(EditYourAccountInfoPage.java:31)
at com.naveenautomation.pages.EditYourAccountInfoPage.submitEditInfo(EditYourAccountInfoPage.java:56)
at com.naveenautomation.tests.MyAccountPageTest.validateEditAccountInfo(MyAccountPageTest.java:45)
at java.base/java.util.ArrayList.forEach(ArrayList.java:1511)
... Removed 38 stack frames]]>
    </failure>
  </testcase> <!-- validateEditAccountInfo -->
  <testcase classname="com.naveenautomation.tests.MyAccountPageTest" name="validateLogin" time="3.081"/>
  <testcase classname="com.naveenautomation.tests.MyAccountPageTest" name="validateNewsLetterPage" time="5.471">
    <skipped/>
  </testcase> <!-- validateNewsLetterPage -->
  <testcase classname="com.naveenautomation.tests.MyAccountPageTest" name="validateNewsLetterPage" time="5.223">
    <skipped/>
  </testcase> <!-- validateNewsLetterPage -->
  <testcase classname="com.naveenautomation.tests.MyAccountPageTest" name="validateNewsLetterPage" time="5.264">
    <skipped/>
  </testcase> <!-- validateNewsLetterPage -->
  <testcase classname="com.naveenautomation.tests.MyAccountPageTest" name="validateNewsLetterPage" time="5.035">
    <failure type="java.lang.AssertionError" message="expected [Success: Your newsletter subscription has been successfully updated!] but found [ Success: Your newsletter subscription has been successfully updated!]">
      <![CDATA[java.lang.AssertionError: expected [Success: Your newsletter subscription has been successfully updated!] but found [ Success: Your newsletter subscription has been successfully updated!]
at com.naveenautomation.tests.MyAccountPageTest.validateNewsLetterPage(MyAccountPageTest.java:59)
at java.base/java.util.ArrayList.forEach(ArrayList.java:1511)
... Removed 33 stack frames]]>
    </failure>
  </testcase> <!-- validateNewsLetterPage -->
  <testcase classname="com.naveenautomation.tests.MyAccountPageTest" name="validatePasswordUpdate" time="4.556"/>
  <testcase classname="com.naveenautomation.tests.ProductPageTest" name="validateAddToCart" time="5.24">
    <skipped/>
  </testcase> <!-- validateAddToCart -->
  <testcase classname="com.naveenautomation.tests.ProductPageTest" name="validateAddToCart" time="4.797">
    <skipped/>
  </testcase> <!-- validateAddToCart -->
  <testcase classname="com.naveenautomation.tests.ProductPageTest" name="validateAddToCart" time="4.865">
    <skipped/>
  </testcase> <!-- validateAddToCart -->
  <testcase classname="com.naveenautomation.tests.ProductPageTest" name="validateAddToCart" time="4.831">
    <failure type="java.lang.AssertionError" message="expected [Success: You have added iPod Classic to your shopping cart!
×] but found [Success: You have added iPod Classic to your shopping cart!
×]">
      <![CDATA[java.lang.AssertionError: expected [Success: You have added iPod Classic to your shopping cart!
×] but found [Success: You have added iPod Classic to your shopping cart!
×]
at com.naveenautomation.tests.ProductPageTest.validateAddToCart(ProductPageTest.java:34)
at java.base/java.util.ArrayList.forEach(ArrayList.java:1511)
... Removed 33 stack frames]]>
    </failure>
  </testcase> <!-- validateAddToCart -->
  <testcase classname="com.naveenautomation.tests.ProductPageTest" name="validateHeaderCurrencyBtn" time="5.5"/>
  <testcase classname="com.naveenautomation.tests.AddressBookPageTest" name="validateUserCanAddNewAddress" time="18.273">
    <skipped/>
  </testcase> <!-- validateUserCanAddNewAddress -->
  <testcase classname="com.naveenautomation.tests.AddressBookPageTest" name="validateUserCanAddNewAddress" time="18.197">
    <skipped/>
  </testcase> <!-- validateUserCanAddNewAddress -->
  <testcase classname="com.naveenautomation.tests.AddressBookPageTest" name="validateUserCanAddNewAddress" time="18.185">
    <skipped/>
  </testcase> <!-- validateUserCanAddNewAddress -->
  <testcase classname="com.naveenautomation.tests.AddressBookPageTest" name="validateUserCanAddNewAddress" time="19.147">
    <failure type="org.openqa.selenium.NoSuchElementException" message="no such element: Unable to locate element: {&amp;quot;method&amp;quot;:&amp;quot;css selector&amp;quot;,&amp;quot;selector&amp;quot;:&amp;quot;div.buttons.clearfix div:last-of-type a&amp;quot;}
  (Session info: MicrosoftEdge=122.0.2365.92)
For documentation on this error, please visit: https://www.seleniumhq.org/exceptions/no_such_element.html
Build info: version: &amp;apos;3.141.59&amp;apos;, revision: &amp;apos;e82be7d358&amp;apos;, time: &amp;apos;2018-11-14T08:17:03&amp;apos;
System info: host: &amp;apos;TRESA&amp;apos;, ip: &amp;apos;192.168.2.13&amp;apos;, os.name: &amp;apos;Windows 11&amp;apos;, os.arch: &amp;apos;amd64&amp;apos;, os.version: &amp;apos;10.0&amp;apos;, java.version: &amp;apos;17.0.9&amp;apos;
Driver info: org.openqa.selenium.edge.EdgeDriver
Capabilities {acceptInsecureCerts: false, browserName: MicrosoftEdge, browserVersion: 122.0.2365.92, fedcm:accounts: true, javascriptEnabled: true, ms:edgeOptions: {debuggerAddress: localhost:56222}, msedge: {msedgedriverVersion: 122.0.2365.92 (908657ec17be..., userDataDir: C:\Users\tresa\AppData\Loca...}, networkConnectionEnabled: false, pageLoadStrategy: normal, platform: WINDOWS, platformName: WINDOWS, proxy: Proxy(), setWindowRect: true, strictFileInteractability: false, timeouts: {implicit: 0, pageLoad: 300000, script: 30000}, unhandledPromptBehavior: dismiss and notify, webauthn:extension:credBlob: true, webauthn:extension:largeBlob: true, webauthn:extension:minPinLength: true, webauthn:extension:prf: true, webauthn:virtualAuthenticators: true}
Session ID: 1caa6926901947501f59f76e4caf80a3
*** Element info: {Using=css selector, value=div.buttons.clearfix div:last-of-type a}">
      <![CDATA[org.openqa.selenium.NoSuchElementException: no such element: Unable to locate element: {"method":"css selector","selector":"div.buttons.clearfix div:last-of-type a"}
  (Session info: MicrosoftEdge=122.0.2365.92)
For documentation on this error, please visit: https://www.seleniumhq.org/exceptions/no_such_element.html
Build info: version: '3.141.59', revision: 'e82be7d358', time: '2018-11-14T08:17:03'
System info: host: 'TRESA', ip: '192.168.2.13', os.name: 'Windows 11', os.arch: 'amd64', os.version: '10.0', java.version: '17.0.9'
Driver info: org.openqa.selenium.edge.EdgeDriver
Capabilities {acceptInsecureCerts: false, browserName: MicrosoftEdge, browserVersion: 122.0.2365.92, fedcm:accounts: true, javascriptEnabled: true, ms:edgeOptions: {debuggerAddress: localhost:56222}, msedge: {msedgedriverVersion: 122.0.2365.92 (908657ec17be..., userDataDir: C:\Users\tresa\AppData\Loca...}, networkConnectionEnabled: false, pageLoadStrategy: normal, platform: WINDOWS, platformName: WINDOWS, proxy: Proxy(), setWindowRect: true, strictFileInteractability: false, timeouts: {implicit: 0, pageLoad: 300000, script: 30000}, unhandledPromptBehavior: dismiss and notify, webauthn:extension:credBlob: true, webauthn:extension:largeBlob: true, webauthn:extension:minPinLength: true, webauthn:extension:prf: true, webauthn:virtualAuthenticators: true}
Session ID: 1caa6926901947501f59f76e4caf80a3
*** Element info: {Using=css selector, value=div.buttons.clearfix div:last-of-type a}
at org.openqa.selenium.remote.http.W3CHttpResponseCodec.createException(W3CHttpResponseCodec.java:187)
at org.openqa.selenium.remote.http.W3CHttpResponseCodec.decode(W3CHttpResponseCodec.java:122)
at org.openqa.selenium.remote.http.W3CHttpResponseCodec.decode(W3CHttpResponseCodec.java:49)
at org.openqa.selenium.remote.HttpCommandExecutor.execute(HttpCommandExecutor.java:158)
at org.openqa.selenium.remote.service.DriverCommandExecutor.execute(DriverCommandExecutor.java:83)
at org.openqa.selenium.remote.RemoteWebDriver.execute(RemoteWebDriver.java:552)
at org.openqa.selenium.remote.RemoteWebDriver.findElement(RemoteWebDriver.java:323)
at org.openqa.selenium.remote.RemoteWebDriver.findElementByCssSelector(RemoteWebDriver.java:420)
at org.openqa.selenium.By$ByCssSelector.findElement(By.java:431)
at org.openqa.selenium.remote.RemoteWebDriver.findElement(RemoteWebDriver.java:315)
at org.openqa.selenium.support.events.EventFiringWebDriver.lambda$new$1(EventFiringWebDriver.java:105)
at jdk.proxy2/jdk.proxy2.$Proxy12.findElement(Unknown Source)
at org.openqa.selenium.support.events.EventFiringWebDriver.findElement(EventFiringWebDriver.java:194)
at org.openqa.selenium.support.pagefactory.DefaultElementLocator.findElement(DefaultElementLocator.java:69)
at org.openqa.selenium.support.pagefactory.internal.LocatingElementHandler.invoke(LocatingElementHandler.java:38)
at jdk.proxy2/jdk.proxy2.$Proxy16.click(Unknown Source)
at com.naveenautomation.pages.AddressBookPage.clickNewAddressBtn(AddressBookPage.java:22)
at com.naveenautomation.tests.AddressBookPageTest.validateUserCanAddNewAddress(AddressBookPageTest.java:32)
at java.base/java.util.ArrayList.forEach(ArrayList.java:1511)
... Removed 35 stack frames]]>
    </failure>
  </testcase> <!-- validateUserCanAddNewAddress -->
  <testcase classname="com.naveenautomation.tests.ProductCategoryPageTest" name="validateAddToWishListBtn" time="4.255">
    <skipped/>
  </testcase> <!-- validateAddToWishListBtn -->
  <testcase classname="com.naveenautomation.tests.ProductCategoryPageTest" name="validateAddToWishListBtn" time="3.804">
    <skipped/>
  </testcase> <!-- validateAddToWishListBtn -->
  <testcase classname="com.naveenautomation.tests.ProductCategoryPageTest" name="validateAddToWishListBtn" time="1.965">
    <skipped/>
  </testcase> <!-- validateAddToWishListBtn -->
  <testcase classname="com.naveenautomation.tests.ProductCategoryPageTest" name="validateAddToWishListBtn" time="0.021">
    <failure type="org.openqa.selenium.NoSuchWindowException" message="no such window: target window already closed
from unknown error: web view not found
  (Session info: MicrosoftEdge=122.0.2365.92)
Build info: version: &amp;apos;3.141.59&amp;apos;, revision: &amp;apos;e82be7d358&amp;apos;, time: &amp;apos;2018-11-14T08:17:03&amp;apos;
System info: host: &amp;apos;TRESA&amp;apos;, ip: &amp;apos;192.168.2.13&amp;apos;, os.name: &amp;apos;Windows 11&amp;apos;, os.arch: &amp;apos;amd64&amp;apos;, os.version: &amp;apos;10.0&amp;apos;, java.version: &amp;apos;17.0.9&amp;apos;
Driver info: org.openqa.selenium.edge.EdgeDriver
Capabilities {acceptInsecureCerts: false, browserName: MicrosoftEdge, browserVersion: 122.0.2365.92, fedcm:accounts: true, javascriptEnabled: true, ms:edgeOptions: {debuggerAddress: localhost:56414}, msedge: {msedgedriverVersion: 122.0.2365.92 (908657ec17be..., userDataDir: C:\Users\tresa\AppData\Loca...}, networkConnectionEnabled: false, pageLoadStrategy: normal, platform: WINDOWS, platformName: WINDOWS, proxy: Proxy(), setWindowRect: true, strictFileInteractability: false, timeouts: {implicit: 0, pageLoad: 300000, script: 30000}, unhandledPromptBehavior: dismiss and notify, webauthn:extension:credBlob: true, webauthn:extension:largeBlob: true, webauthn:extension:minPinLength: true, webauthn:extension:prf: true, webauthn:virtualAuthenticators: true}
Session ID: 5168d63f91c7fe64904fc965c55ca133
*** Element info: {Using=css selector, value=a[href=&amp;apos;https://naveenautomationlabs.com/opencart/index.php?route=account/account&amp;apos;][class=&amp;apos;dropdown-toggle&amp;apos;]}">
      <![CDATA[org.openqa.selenium.NoSuchWindowException: no such window: target window already closed
from unknown error: web view not found
  (Session info: MicrosoftEdge=122.0.2365.92)
Build info: version: '3.141.59', revision: 'e82be7d358', time: '2018-11-14T08:17:03'
System info: host: 'TRESA', ip: '192.168.2.13', os.name: 'Windows 11', os.arch: 'amd64', os.version: '10.0', java.version: '17.0.9'
Driver info: org.openqa.selenium.edge.EdgeDriver
Capabilities {acceptInsecureCerts: false, browserName: MicrosoftEdge, browserVersion: 122.0.2365.92, fedcm:accounts: true, javascriptEnabled: true, ms:edgeOptions: {debuggerAddress: localhost:56414}, msedge: {msedgedriverVersion: 122.0.2365.92 (908657ec17be..., userDataDir: C:\Users\tresa\AppData\Loca...}, networkConnectionEnabled: false, pageLoadStrategy: normal, platform: WINDOWS, platformName: WINDOWS, proxy: Proxy(), setWindowRect: true, strictFileInteractability: false, timeouts: {implicit: 0, pageLoad: 300000, script: 30000}, unhandledPromptBehavior: dismiss and notify, webauthn:extension:credBlob: true, webauthn:extension:largeBlob: true, webauthn:extension:minPinLength: true, webauthn:extension:prf: true, webauthn:virtualAuthenticators: true}
Session ID: 5168d63f91c7fe64904fc965c55ca133
*** Element info: {Using=css selector, value=a[href='https://naveenautomationlabs.com/opencart/index.php?route=account/account'][class='dropdown-toggle']}
at org.openqa.selenium.remote.http.W3CHttpResponseCodec.createException(W3CHttpResponseCodec.java:187)
at org.openqa.selenium.remote.http.W3CHttpResponseCodec.decode(W3CHttpResponseCodec.java:122)
at org.openqa.selenium.remote.http.W3CHttpResponseCodec.decode(W3CHttpResponseCodec.java:49)
at org.openqa.selenium.remote.HttpCommandExecutor.execute(HttpCommandExecutor.java:158)
at org.openqa.selenium.remote.service.DriverCommandExecutor.execute(DriverCommandExecutor.java:83)
at org.openqa.selenium.remote.RemoteWebDriver.execute(RemoteWebDriver.java:552)
at org.openqa.selenium.remote.RemoteWebDriver.findElement(RemoteWebDriver.java:323)
at org.openqa.selenium.remote.RemoteWebDriver.findElementByCssSelector(RemoteWebDriver.java:420)
at org.openqa.selenium.By$ByCssSelector.findElement(By.java:431)
at org.openqa.selenium.remote.RemoteWebDriver.findElement(RemoteWebDriver.java:315)
at org.openqa.selenium.support.events.EventFiringWebDriver.lambda$new$1(EventFiringWebDriver.java:105)
at jdk.proxy2/jdk.proxy2.$Proxy12.findElement(Unknown Source)
at org.openqa.selenium.support.events.EventFiringWebDriver.findElement(EventFiringWebDriver.java:194)
at org.openqa.selenium.support.pagefactory.DefaultElementLocator.findElement(DefaultElementLocator.java:69)
at org.openqa.selenium.support.pagefactory.internal.LocatingElementHandler.invoke(LocatingElementHandler.java:38)
at jdk.proxy2/jdk.proxy2.$Proxy16.click(Unknown Source)
at com.naveenautomation.pages.AccountLoginPage.clickMyAccBtn(AccountLoginPage.java:29)
at com.naveenautomation.pages.AccountLoginPage.submitLogin(AccountLoginPage.java:48)
at com.naveenautomation.tests.ProductCategoryPageTest.validateAddToWishListBtn(ProductCategoryPageTest.java:36)
at java.base/java.util.ArrayList.forEach(ArrayList.java:1511)
... Removed 35 stack frames]]>
    </failure>
  </testcase> <!-- validateAddToWishListBtn -->
  <testcase classname="com.naveenautomation.tests.ProductCategoryPageTest" name="validateAddToWishListBtn" time="29.334">
    <failure type="org.openqa.selenium.NoSuchWindowException" message="no such window: target window already closed
from unknown error: web view not found
  (Session info: MicrosoftEdge=122.0.2365.92)
Build info: version: &amp;apos;3.141.59&amp;apos;, revision: &amp;apos;e82be7d358&amp;apos;, time: &amp;apos;2018-11-14T08:17:03&amp;apos;
System info: host: &amp;apos;TRESA&amp;apos;, ip: &amp;apos;192.168.2.13&amp;apos;, os.name: &amp;apos;Windows 11&amp;apos;, os.arch: &amp;apos;amd64&amp;apos;, os.version: &amp;apos;10.0&amp;apos;, java.version: &amp;apos;17.0.9&amp;apos;
Driver info: org.openqa.selenium.edge.EdgeDriver
Capabilities {acceptInsecureCerts: false, browserName: MicrosoftEdge, browserVersion: 122.0.2365.92, fedcm:accounts: true, javascriptEnabled: true, ms:edgeOptions: {debuggerAddress: localhost:56414}, msedge: {msedgedriverVersion: 122.0.2365.92 (908657ec17be..., userDataDir: C:\Users\tresa\AppData\Loca...}, networkConnectionEnabled: false, pageLoadStrategy: normal, platform: WINDOWS, platformName: WINDOWS, proxy: Proxy(), setWindowRect: true, strictFileInteractability: false, timeouts: {implicit: 0, pageLoad: 300000, script: 30000}, unhandledPromptBehavior: dismiss and notify, webauthn:extension:credBlob: true, webauthn:extension:largeBlob: true, webauthn:extension:minPinLength: true, webauthn:extension:prf: true, webauthn:virtualAuthenticators: true}
Session ID: 5168d63f91c7fe64904fc965c55ca133">
      <![CDATA[org.openqa.selenium.NoSuchWindowException: no such window: target window already closed
from unknown error: web view not found
  (Session info: MicrosoftEdge=122.0.2365.92)
Build info: version: '3.141.59', revision: 'e82be7d358', time: '2018-11-14T08:17:03'
System info: host: 'TRESA', ip: '192.168.2.13', os.name: 'Windows 11', os.arch: 'amd64', os.version: '10.0', java.version: '17.0.9'
Driver info: org.openqa.selenium.edge.EdgeDriver
Capabilities {acceptInsecureCerts: false, browserName: MicrosoftEdge, browserVersion: 122.0.2365.92, fedcm:accounts: true, javascriptEnabled: true, ms:edgeOptions: {debuggerAddress: localhost:56414}, msedge: {msedgedriverVersion: 122.0.2365.92 (908657ec17be..., userDataDir: C:\Users\tresa\AppData\Loca...}, networkConnectionEnabled: false, pageLoadStrategy: normal, platform: WINDOWS, platformName: WINDOWS, proxy: Proxy(), setWindowRect: true, strictFileInteractability: false, timeouts: {implicit: 0, pageLoad: 300000, script: 30000}, unhandledPromptBehavior: dismiss and notify, webauthn:extension:credBlob: true, webauthn:extension:largeBlob: true, webauthn:extension:minPinLength: true, webauthn:extension:prf: true, webauthn:virtualAuthenticators: true}
Session ID: 5168d63f91c7fe64904fc965c55ca133
at org.openqa.selenium.remote.http.W3CHttpResponseCodec.createException(W3CHttpResponseCodec.java:187)
at org.openqa.selenium.remote.http.W3CHttpResponseCodec.decode(W3CHttpResponseCodec.java:122)
at org.openqa.selenium.remote.http.W3CHttpResponseCodec.decode(W3CHttpResponseCodec.java:49)
at org.openqa.selenium.remote.HttpCommandExecutor.execute(HttpCommandExecutor.java:158)
at org.openqa.selenium.remote.service.DriverCommandExecutor.execute(DriverCommandExecutor.java:83)
at org.openqa.selenium.remote.RemoteWebDriver.execute(RemoteWebDriver.java:552)
at org.openqa.selenium.remote.RemoteWebDriver.execute(RemoteWebDriver.java:609)
at org.openqa.selenium.remote.RemoteWebDriver.getScreenshotAs(RemoteWebDriver.java:295)
at org.openqa.selenium.support.events.EventFiringWebDriver.lambda$new$1(EventFiringWebDriver.java:105)
at jdk.proxy2/jdk.proxy2.$Proxy12.getScreenshotAs(Unknown Source)
at org.openqa.selenium.support.events.EventFiringWebDriver.getScreenshotAs(EventFiringWebDriver.java:302)
at com.naveenautomation.utility.Utililty.takeFailedTestScreenShot(Utililty.java:28)
at com.naveenautomation.Listeners.CustomListener.onTestFailure(CustomListener.java:20)
at java.base/java.util.ArrayList.forEach(ArrayList.java:1511)
... Removed 33 stack frames]]>
    </failure>
  </testcase> <!-- validateAddToWishListBtn -->
</testsuite> <!-- Test -->
